<?xml version="1.0" encoding="UTF-8"?>
<!-- Generated by org.testng.reporters.JUnitReportReporter -->
<testsuite hostname="DESKTOP-MOK7TM7" failures="0" tests="1" name="test.Addpropertytest" time="6.461" errors="0" timestamp="2024-11-13T15:58:30 IST" skipped="0">
  <testcase classname="test.Addpropertytest" name="setvaluesproperty" time="6.461"/>
  <system-out/>
</testsuite> <!-- test.Addpropertytest -->
